Build output check failed:
    Regex: 'argument .* is not valid'
    Output line: 'cc1: warning: ‘-Werror=’ argument ‘-Werror=non-virtual-dtor’ is not valid for C'
Compilation failed:
    source file: '/home/pietro/Documents/Polimi/Quinto anno/tesi/app_poli/opencv-master/build/CMakeFiles/CMakeTmp/src.c'
    check option: ' -fsigned-char -W -Wall -Werror=return-type  -Werror=non-virtual-dtor'
===== BUILD LOG =====
Change Dir: /home/pietro/Documents/Polimi/Quinto anno/tesi/app_poli/opencv-master/build/CMakeFiles/CMakeTmp

Run Build Command(s):/usr/bin/make cmTC_821d3/fast && /usr/bin/make  -f CMakeFiles/cmTC_821d3.dir/build.make CMakeFiles/cmTC_821d3.dir/build
make[1]: Entering directory '/home/pietro/Documents/Polimi/Quinto anno/tesi/app_poli/opencv-master/build/CMakeFiles/CMakeTmp'
Building C object CMakeFiles/cmTC_821d3.dir/src.c.o
/usr/bin/cc   -O3 -DNDEBUG -fPIE    -fsigned-char -W -Wall -Werror=return-type  -Werror=non-virtual-dtor -o CMakeFiles/cmTC_821d3.dir/src.c.o   -c "/home/pietro/Documents/Polimi/Quinto anno/tesi/app_poli/opencv-master/build/CMakeFiles/CMakeTmp/src.c"
cc1: warning: ‘-Werror=’ argument ‘-Werror=non-virtual-dtor’ is not valid for C
/home/pietro/Documents/Polimi/Quinto anno/tesi/app_poli/opencv-master/build/CMakeFiles/CMakeTmp/src.c:1: warning: ignoring ‘#pragma  ’ [-Wunknown-pragmas]
    1 | #pragma
      | 
Linking C executable cmTC_821d3
/usr/bin/cmake -E cmake_link_script CMakeFiles/cmTC_821d3.dir/link.txt --verbose=1
/usr/bin/cc   -O3 -DNDEBUG    CMakeFiles/cmTC_821d3.dir/src.c.o  -o cmTC_821d3 
make[1]: Leaving directory '/home/pietro/Documents/Polimi/Quinto anno/tesi/app_poli/opencv-master/build/CMakeFiles/CMakeTmp'


===== END =====

Build output check failed:
    Regex: 'command[- ]line option .* is valid for .* but not for C\+\+'
    Output line: 'cc1plus: warning: command-line option ‘-Wmissing-prototypes’ is valid for C/ObjC but not for C++'
Compilation failed:
    source file: '/home/pietro/Documents/Polimi/Quinto anno/tesi/app_poli/opencv-master/build/CMakeFiles/CMakeTmp/src.cxx'
    check option: ' -fsigned-char -W -Wall -Werror=return-type -Werror=non-virtual-dtor -Werror=address -Werror=sequence-point -Wformat -Werror=format-security -Wmissing-declarations  -Wmissing-prototypes'
===== BUILD LOG =====
Change Dir: /home/pietro/Documents/Polimi/Quinto anno/tesi/app_poli/opencv-master/build/CMakeFiles/CMakeTmp

Run Build Command(s):/usr/bin/make cmTC_989e2/fast && /usr/bin/make  -f CMakeFiles/cmTC_989e2.dir/build.make CMakeFiles/cmTC_989e2.dir/build
make[1]: Entering directory '/home/pietro/Documents/Polimi/Quinto anno/tesi/app_poli/opencv-master/build/CMakeFiles/CMakeTmp'
Building CXX object CMakeFiles/cmTC_989e2.dir/src.cxx.o
/usr/bin/c++    -O3 -DNDEBUG -fPIE    -fsigned-char -W -Wall -Werror=return-type -Werror=non-virtual-dtor -Werror=address -Werror=sequence-point -Wformat -Werror=format-security -Wmissing-declarations  -Wmissing-prototypes -std=c++11 -o CMakeFiles/cmTC_989e2.dir/src.cxx.o -c "/home/pietro/Documents/Polimi/Quinto anno/tesi/app_poli/opencv-master/build/CMakeFiles/CMakeTmp/src.cxx"
cc1plus: warning: command-line option ‘-Wmissing-prototypes’ is valid for C/ObjC but not for C++
/home/pietro/Documents/Polimi/Quinto anno/tesi/app_poli/opencv-master/build/CMakeFiles/CMakeTmp/src.cxx:1: warning: ignoring ‘#pragma  ’ [-Wunknown-pragmas]
    1 | #pragma
      | 
Linking CXX executable cmTC_989e2
/usr/bin/cmake -E cmake_link_script CMakeFiles/cmTC_989e2.dir/link.txt --verbose=1
/usr/bin/c++    -O3 -DNDEBUG    CMakeFiles/cmTC_989e2.dir/src.cxx.o  -o cmTC_989e2 
make[1]: Leaving directory '/home/pietro/Documents/Polimi/Quinto anno/tesi/app_poli/opencv-master/build/CMakeFiles/CMakeTmp'


===== END =====

Build output check failed:
    Regex: 'command[- ]line option .* is valid for .* but not for C\+\+'
    Output line: 'cc1plus: warning: command-line option ‘-Wstrict-prototypes’ is valid for C/ObjC but not for C++'
Compilation failed:
    source file: '/home/pietro/Documents/Polimi/Quinto anno/tesi/app_poli/opencv-master/build/CMakeFiles/CMakeTmp/src.cxx'
    check option: ' -fsigned-char -W -Wall -Werror=return-type -Werror=non-virtual-dtor -Werror=address -Werror=sequence-point -Wformat -Werror=format-security -Wmissing-declarations  -Wstrict-prototypes'
===== BUILD LOG =====
Change Dir: /home/pietro/Documents/Polimi/Quinto anno/tesi/app_poli/opencv-master/build/CMakeFiles/CMakeTmp

Run Build Command(s):/usr/bin/make cmTC_64202/fast && /usr/bin/make  -f CMakeFiles/cmTC_64202.dir/build.make CMakeFiles/cmTC_64202.dir/build
make[1]: Entering directory '/home/pietro/Documents/Polimi/Quinto anno/tesi/app_poli/opencv-master/build/CMakeFiles/CMakeTmp'
Building CXX object CMakeFiles/cmTC_64202.dir/src.cxx.o
/usr/bin/c++    -O3 -DNDEBUG -fPIE    -fsigned-char -W -Wall -Werror=return-type -Werror=non-virtual-dtor -Werror=address -Werror=sequence-point -Wformat -Werror=format-security -Wmissing-declarations  -Wstrict-prototypes -std=c++11 -o CMakeFiles/cmTC_64202.dir/src.cxx.o -c "/home/pietro/Documents/Polimi/Quinto anno/tesi/app_poli/opencv-master/build/CMakeFiles/CMakeTmp/src.cxx"
cc1plus: warning: command-line option ‘-Wstrict-prototypes’ is valid for C/ObjC but not for C++
/home/pietro/Documents/Polimi/Quinto anno/tesi/app_poli/opencv-master/build/CMakeFiles/CMakeTmp/src.cxx:1: warning: ignoring ‘#pragma  ’ [-Wunknown-pragmas]
    1 | #pragma
      | 
Linking CXX executable cmTC_64202
/usr/bin/cmake -E cmake_link_script CMakeFiles/cmTC_64202.dir/link.txt --verbose=1
/usr/bin/c++    -O3 -DNDEBUG    CMakeFiles/cmTC_64202.dir/src.cxx.o  -o cmTC_64202 
make[1]: Leaving directory '/home/pietro/Documents/Polimi/Quinto anno/tesi/app_poli/opencv-master/build/CMakeFiles/CMakeTmp'


===== END =====

Build output check failed:
    Regex: 'command[- ]line option .* is valid for .* but not for C'
    Output line: 'cc1: warning: command-line option ‘-Wsign-promo’ is valid for C++/ObjC++ but not for C'
Compilation failed:
    source file: '/home/pietro/Documents/Polimi/Quinto anno/tesi/app_poli/opencv-master/build/CMakeFiles/CMakeTmp/src.c'
    check option: ' -fsigned-char -W -Wall -Werror=return-type -Werror=address -Werror=sequence-point -Wformat -Werror=format-security -Wmissing-declarations -Wmissing-prototypes -Wstrict-prototypes -Wundef -Winit-self -Wpointer-arith -Wshadow  -Wsign-promo'
===== BUILD LOG =====
Change Dir: /home/pietro/Documents/Polimi/Quinto anno/tesi/app_poli/opencv-master/build/CMakeFiles/CMakeTmp

Run Build Command(s):/usr/bin/make cmTC_6a69b/fast && /usr/bin/make  -f CMakeFiles/cmTC_6a69b.dir/build.make CMakeFiles/cmTC_6a69b.dir/build
make[1]: Entering directory '/home/pietro/Documents/Polimi/Quinto anno/tesi/app_poli/opencv-master/build/CMakeFiles/CMakeTmp'
Building C object CMakeFiles/cmTC_6a69b.dir/src.c.o
/usr/bin/cc   -O3 -DNDEBUG -fPIE    -fsigned-char -W -Wall -Werror=return-type -Werror=address -Werror=sequence-point -Wformat -Werror=format-security -Wmissing-declarations -Wmissing-prototypes -Wstrict-prototypes -Wundef -Winit-self -Wpointer-arith -Wshadow  -Wsign-promo -o CMakeFiles/cmTC_6a69b.dir/src.c.o   -c "/home/pietro/Documents/Polimi/Quinto anno/tesi/app_poli/opencv-master/build/CMakeFiles/CMakeTmp/src.c"
cc1: warning: command-line option ‘-Wsign-promo’ is valid for C++/ObjC++ but not for C
/home/pietro/Documents/Polimi/Quinto anno/tesi/app_poli/opencv-master/build/CMakeFiles/CMakeTmp/src.c:1: warning: ignoring ‘#pragma  ’ [-Wunknown-pragmas]
    1 | #pragma
      | 
Linking C executable cmTC_6a69b
/usr/bin/cmake -E cmake_link_script CMakeFiles/cmTC_6a69b.dir/link.txt --verbose=1
/usr/bin/cc   -O3 -DNDEBUG    CMakeFiles/cmTC_6a69b.dir/src.c.o  -o cmTC_6a69b 
make[1]: Leaving directory '/home/pietro/Documents/Polimi/Quinto anno/tesi/app_poli/opencv-master/build/CMakeFiles/CMakeTmp'


===== END =====

Build output check failed:
    Regex: 'command[- ]line option .* is valid for .* but not for C'
    Output line: 'cc1: warning: command-line option ‘-Wsuggest-override’ is valid for C++/ObjC++ but not for C'
Compilation failed:
    source file: '/home/pietro/Documents/Polimi/Quinto anno/tesi/app_poli/opencv-master/build/CMakeFiles/CMakeTmp/src.c'
    check option: ' -fsigned-char -W -Wall -Werror=return-type -Werror=address -Werror=sequence-point -Wformat -Werror=format-security -Wmissing-declarations -Wmissing-prototypes -Wstrict-prototypes -Wundef -Winit-self -Wpointer-arith -Wshadow -Wuninitialized -Winit-self  -Wsuggest-override'
===== BUILD LOG =====
Change Dir: /home/pietro/Documents/Polimi/Quinto anno/tesi/app_poli/opencv-master/build/CMakeFiles/CMakeTmp

Run Build Command(s):/usr/bin/make cmTC_d3a03/fast && /usr/bin/make  -f CMakeFiles/cmTC_d3a03.dir/build.make CMakeFiles/cmTC_d3a03.dir/build
make[1]: Entering directory '/home/pietro/Documents/Polimi/Quinto anno/tesi/app_poli/opencv-master/build/CMakeFiles/CMakeTmp'
Building C object CMakeFiles/cmTC_d3a03.dir/src.c.o
/usr/bin/cc   -O3 -DNDEBUG -fPIE    -fsigned-char -W -Wall -Werror=return-type -Werror=address -Werror=sequence-point -Wformat -Werror=format-security -Wmissing-declarations -Wmissing-prototypes -Wstrict-prototypes -Wundef -Winit-self -Wpointer-arith -Wshadow -Wuninitialized -Winit-self  -Wsuggest-override -o CMakeFiles/cmTC_d3a03.dir/src.c.o   -c "/home/pietro/Documents/Polimi/Quinto anno/tesi/app_poli/opencv-master/build/CMakeFiles/CMakeTmp/src.c"
cc1: warning: command-line option ‘-Wsuggest-override’ is valid for C++/ObjC++ but not for C
/home/pietro/Documents/Polimi/Quinto anno/tesi/app_poli/opencv-master/build/CMakeFiles/CMakeTmp/src.c:1: warning: ignoring ‘#pragma  ’ [-Wunknown-pragmas]
    1 | #pragma
      | 
Linking C executable cmTC_d3a03
/usr/bin/cmake -E cmake_link_script CMakeFiles/cmTC_d3a03.dir/link.txt --verbose=1
/usr/bin/cc   -O3 -DNDEBUG    CMakeFiles/cmTC_d3a03.dir/src.c.o  -o cmTC_d3a03 
make[1]: Leaving directory '/home/pietro/Documents/Polimi/Quinto anno/tesi/app_poli/opencv-master/build/CMakeFiles/CMakeTmp'


===== END =====

Build output check failed:
    Regex: 'command[- ]line option .* is valid for .* but not for C'
    Output line: 'cc1: warning: command-line option ‘-Wno-delete-non-virtual-dtor’ is valid for C++/ObjC++ but not for C'
Compilation failed:
    source file: '/home/pietro/Documents/Polimi/Quinto anno/tesi/app_poli/opencv-master/build/CMakeFiles/CMakeTmp/src.c'
    check option: ' -fsigned-char -W -Wall -Werror=return-type -Werror=address -Werror=sequence-point -Wformat -Werror=format-security -Wmissing-declarations -Wmissing-prototypes -Wstrict-prototypes -Wundef -Winit-self -Wpointer-arith -Wshadow -Wuninitialized -Winit-self  -Wno-delete-non-virtual-dtor'
===== BUILD LOG =====
Change Dir: /home/pietro/Documents/Polimi/Quinto anno/tesi/app_poli/opencv-master/build/CMakeFiles/CMakeTmp

Run Build Command(s):/usr/bin/make cmTC_fd2aa/fast && /usr/bin/make  -f CMakeFiles/cmTC_fd2aa.dir/build.make CMakeFiles/cmTC_fd2aa.dir/build
make[1]: Entering directory '/home/pietro/Documents/Polimi/Quinto anno/tesi/app_poli/opencv-master/build/CMakeFiles/CMakeTmp'
Building C object CMakeFiles/cmTC_fd2aa.dir/src.c.o
/usr/bin/cc   -O3 -DNDEBUG -fPIE    -fsigned-char -W -Wall -Werror=return-type -Werror=address -Werror=sequence-point -Wformat -Werror=format-security -Wmissing-declarations -Wmissing-prototypes -Wstrict-prototypes -Wundef -Winit-self -Wpointer-arith -Wshadow -Wuninitialized -Winit-self  -Wno-delete-non-virtual-dtor -o CMakeFiles/cmTC_fd2aa.dir/src.c.o   -c "/home/pietro/Documents/Polimi/Quinto anno/tesi/app_poli/opencv-master/build/CMakeFiles/CMakeTmp/src.c"
cc1: warning: command-line option ‘-Wno-delete-non-virtual-dtor’ is valid for C++/ObjC++ but not for C
/home/pietro/Documents/Polimi/Quinto anno/tesi/app_poli/opencv-master/build/CMakeFiles/CMakeTmp/src.c:1: warning: ignoring ‘#pragma  ’ [-Wunknown-pragmas]
    1 | #pragma
      | 
Linking C executable cmTC_fd2aa
/usr/bin/cmake -E cmake_link_script CMakeFiles/cmTC_fd2aa.dir/link.txt --verbose=1
/usr/bin/cc   -O3 -DNDEBUG    CMakeFiles/cmTC_fd2aa.dir/src.c.o  -o cmTC_fd2aa 
make[1]: Leaving directory '/home/pietro/Documents/Polimi/Quinto anno/tesi/app_poli/opencv-master/build/CMakeFiles/CMakeTmp'


===== END =====

Build output check failed:
    Regex: 'unrecognized .*option'
    Output line: 'cc1plus: note: unrecognized command-line option ‘-Wno-unnamed-type-template-args’ may have been intended to silence earlier diagnostics'
Compilation failed:
    source file: '/home/pietro/Documents/Polimi/Quinto anno/tesi/app_poli/opencv-master/build/CMakeFiles/CMakeTmp/src.cxx'
    check option: ' -fsigned-char -W -Wall -Werror=return-type -Werror=non-virtual-dtor -Werror=address -Werror=sequence-point -Wformat -Werror=format-security -Wmissing-declarations -Wundef -Winit-self -Wpointer-arith -Wshadow -Wsign-promo -Wuninitialized -Winit-self -Wsuggest-override -Wno-delete-non-virtual-dtor  -Wno-unnamed-type-template-args'
===== BUILD LOG =====
Change Dir: /home/pietro/Documents/Polimi/Quinto anno/tesi/app_poli/opencv-master/build/CMakeFiles/CMakeTmp

Run Build Command(s):/usr/bin/make cmTC_9a748/fast && /usr/bin/make  -f CMakeFiles/cmTC_9a748.dir/build.make CMakeFiles/cmTC_9a748.dir/build
make[1]: Entering directory '/home/pietro/Documents/Polimi/Quinto anno/tesi/app_poli/opencv-master/build/CMakeFiles/CMakeTmp'
Building CXX object CMakeFiles/cmTC_9a748.dir/src.cxx.o
/usr/bin/c++    -O3 -DNDEBUG -fPIE    -fsigned-char -W -Wall -Werror=return-type -Werror=non-virtual-dtor -Werror=address -Werror=sequence-point -Wformat -Werror=format-security -Wmissing-declarations -Wundef -Winit-self -Wpointer-arith -Wshadow -Wsign-promo -Wuninitialized -Winit-self -Wsuggest-override -Wno-delete-non-virtual-dtor  -Wno-unnamed-type-template-args -std=c++11 -o CMakeFiles/cmTC_9a748.dir/src.cxx.o -c "/home/pietro/Documents/Polimi/Quinto anno/tesi/app_poli/opencv-master/build/CMakeFiles/CMakeTmp/src.cxx"
/home/pietro/Documents/Polimi/Quinto anno/tesi/app_poli/opencv-master/build/CMakeFiles/CMakeTmp/src.cxx:1: warning: ignoring ‘#pragma  ’ [-Wunknown-pragmas]
    1 | #pragma
      | 
cc1plus: note: unrecognized command-line option ‘-Wno-unnamed-type-template-args’ may have been intended to silence earlier diagnostics
Linking CXX executable cmTC_9a748
/usr/bin/cmake -E cmake_link_script CMakeFiles/cmTC_9a748.dir/link.txt --verbose=1
/usr/bin/c++    -O3 -DNDEBUG    CMakeFiles/cmTC_9a748.dir/src.cxx.o  -o cmTC_9a748 
make[1]: Leaving directory '/home/pietro/Documents/Polimi/Quinto anno/tesi/app_poli/opencv-master/build/CMakeFiles/CMakeTmp'


===== END =====

Build output check failed:
    Regex: 'unrecognized .*option'
    Output line: 'cc1: note: unrecognized command-line option ‘-Wno-unnamed-type-template-args’ may have been intended to silence earlier diagnostics'
Compilation failed:
    source file: '/home/pietro/Documents/Polimi/Quinto anno/tesi/app_poli/opencv-master/build/CMakeFiles/CMakeTmp/src.c'
    check option: ' -fsigned-char -W -Wall -Werror=return-type -Werror=address -Werror=sequence-point -Wformat -Werror=format-security -Wmissing-declarations -Wmissing-prototypes -Wstrict-prototypes -Wundef -Winit-self -Wpointer-arith -Wshadow -Wuninitialized -Winit-self  -Wno-unnamed-type-template-args'
===== BUILD LOG =====
Change Dir: /home/pietro/Documents/Polimi/Quinto anno/tesi/app_poli/opencv-master/build/CMakeFiles/CMakeTmp

Run Build Command(s):/usr/bin/make cmTC_1c029/fast && /usr/bin/make  -f CMakeFiles/cmTC_1c029.dir/build.make CMakeFiles/cmTC_1c029.dir/build
make[1]: Entering directory '/home/pietro/Documents/Polimi/Quinto anno/tesi/app_poli/opencv-master/build/CMakeFiles/CMakeTmp'
Building C object CMakeFiles/cmTC_1c029.dir/src.c.o
/usr/bin/cc   -O3 -DNDEBUG -fPIE    -fsigned-char -W -Wall -Werror=return-type -Werror=address -Werror=sequence-point -Wformat -Werror=format-security -Wmissing-declarations -Wmissing-prototypes -Wstrict-prototypes -Wundef -Winit-self -Wpointer-arith -Wshadow -Wuninitialized -Winit-self  -Wno-unnamed-type-template-args -o CMakeFiles/cmTC_1c029.dir/src.c.o   -c "/home/pietro/Documents/Polimi/Quinto anno/tesi/app_poli/opencv-master/build/CMakeFiles/CMakeTmp/src.c"
/home/pietro/Documents/Polimi/Quinto anno/tesi/app_poli/opencv-master/build/CMakeFiles/CMakeTmp/src.c:1: warning: ignoring ‘#pragma  ’ [-Wunknown-pragmas]
    1 | #pragma
      | 
cc1: note: unrecognized command-line option ‘-Wno-unnamed-type-template-args’ may have been intended to silence earlier diagnostics
Linking C executable cmTC_1c029
/usr/bin/cmake -E cmake_link_script CMakeFiles/cmTC_1c029.dir/link.txt --verbose=1
/usr/bin/cc   -O3 -DNDEBUG    CMakeFiles/cmTC_1c029.dir/src.c.o  -o cmTC_1c029 
make[1]: Leaving directory '/home/pietro/Documents/Polimi/Quinto anno/tesi/app_poli/opencv-master/build/CMakeFiles/CMakeTmp'


===== END =====

Build output check failed:
    Regex: 'command[- ]line option .* is valid for .* but not for C'
    Output line: 'cc1: warning: command-line option ‘-fvisibility-inlines-hidden’ is valid for C++/ObjC++ but not for C'
Compilation failed:
    source file: '/home/pietro/Documents/Polimi/Quinto anno/tesi/app_poli/opencv-master/build/CMakeFiles/CMakeTmp/src.c'
    check option: ' -fsigned-char -W -Wall -Werror=return-type -Werror=address -Werror=sequence-point -Wformat -Werror=format-security -Wmissing-declarations -Wmissing-prototypes -Wstrict-prototypes -Wundef -Winit-self -Wpointer-arith -Wshadow -Wuninitialized -Winit-self -Wno-comment -Wimplicit-fallthrough=3 -Wno-strict-overflow -fdiagnostics-show-option -Wno-long-long -pthread -fomit-frame-pointer -ffunction-sections -fdata-sections  -msse -msse2 -msse3 -fvisibility=hidden  -fvisibility-inlines-hidden'
===== BUILD LOG =====
Change Dir: /home/pietro/Documents/Polimi/Quinto anno/tesi/app_poli/opencv-master/build/CMakeFiles/CMakeTmp

Run Build Command(s):/usr/bin/make cmTC_09835/fast && /usr/bin/make  -f CMakeFiles/cmTC_09835.dir/build.make CMakeFiles/cmTC_09835.dir/build
make[1]: Entering directory '/home/pietro/Documents/Polimi/Quinto anno/tesi/app_poli/opencv-master/build/CMakeFiles/CMakeTmp'
Building C object CMakeFiles/cmTC_09835.dir/src.c.o
/usr/bin/cc   -O3 -DNDEBUG -fPIE    -fsigned-char -W -Wall -Werror=return-type -Werror=address -Werror=sequence-point -Wformat -Werror=format-security -Wmissing-declarations -Wmissing-prototypes -Wstrict-prototypes -Wundef -Winit-self -Wpointer-arith -Wshadow -Wuninitialized -Winit-self -Wno-comment -Wimplicit-fallthrough=3 -Wno-strict-overflow -fdiagnostics-show-option -Wno-long-long -pthread -fomit-frame-pointer -ffunction-sections -fdata-sections  -msse -msse2 -msse3 -fvisibility=hidden  -fvisibility-inlines-hidden -o CMakeFiles/cmTC_09835.dir/src.c.o   -c "/home/pietro/Documents/Polimi/Quinto anno/tesi/app_poli/opencv-master/build/CMakeFiles/CMakeTmp/src.c"
cc1: warning: command-line option ‘-fvisibility-inlines-hidden’ is valid for C++/ObjC++ but not for C
/home/pietro/Documents/Polimi/Quinto anno/tesi/app_poli/opencv-master/build/CMakeFiles/CMakeTmp/src.c:1: warning: ignoring ‘#pragma  ’ [-Wunknown-pragmas]
    1 | #pragma
      | 
Linking C executable cmTC_09835
/usr/bin/cmake -E cmake_link_script CMakeFiles/cmTC_09835.dir/link.txt --verbose=1
/usr/bin/cc   -O3 -DNDEBUG    CMakeFiles/cmTC_09835.dir/src.c.o  -o cmTC_09835 
make[1]: Leaving directory '/home/pietro/Documents/Polimi/Quinto anno/tesi/app_poli/opencv-master/build/CMakeFiles/CMakeTmp'


===== END =====

Determining if the include file /usr/include/libpng/png.h exists failed with the following output:
Change Dir: /home/pietro/Documents/Polimi/Quinto anno/tesi/app_poli/opencv-master/build/CMakeFiles/CMakeTmp

Run Build Command(s):/usr/bin/make cmTC_4d07c/fast && /usr/bin/make  -f CMakeFiles/cmTC_4d07c.dir/build.make CMakeFiles/cmTC_4d07c.dir/build
make[1]: Entering directory '/home/pietro/Documents/Polimi/Quinto anno/tesi/app_poli/opencv-master/build/CMakeFiles/CMakeTmp'
Building C object CMakeFiles/cmTC_4d07c.dir/CheckIncludeFile.c.o
/usr/bin/cc   -fsigned-char -W -Wall -Werror=return-type -Werror=address -Werror=sequence-point -Wformat -Werror=format-security -Wmissing-declarations -Wmissing-prototypes -Wstrict-prototypes -Wundef -Winit-self -Wpointer-arith -Wshadow -Wuninitialized -Winit-self -Wno-comment -Wimplicit-fallthrough=3 -Wno-strict-overflow -fdiagnostics-show-option -Wno-long-long -pthread -fomit-frame-pointer -ffunction-sections -fdata-sections  -msse -msse2 -msse3 -fvisibility=hidden  -O3 -DNDEBUG  -DNDEBUG -fPIE   -o CMakeFiles/cmTC_4d07c.dir/CheckIncludeFile.c.o   -c "/home/pietro/Documents/Polimi/Quinto anno/tesi/app_poli/opencv-master/build/CMakeFiles/CMakeTmp/CheckIncludeFile.c"
/home/pietro/Documents/Polimi/Quinto anno/tesi/app_poli/opencv-master/build/CMakeFiles/CMakeTmp/CheckIncludeFile.c:1:10: fatal error: /usr/include/libpng/png.h: No such file or directory
    1 | #include </usr/include/libpng/png.h>
      |          ^~~~~~~~~~~~~~~~~~~~~~~~~~~
compilation terminated.
make[1]: *** [CMakeFiles/cmTC_4d07c.dir/build.make:86: CMakeFiles/cmTC_4d07c.dir/CheckIncludeFile.c.o] Error 1
make[1]: Leaving directory '/home/pietro/Documents/Polimi/Quinto anno/tesi/app_poli/opencv-master/build/CMakeFiles/CMakeTmp'
make: *** [Makefile:141: cmTC_4d07c/fast] Error 2



Determining if the function sgemm_ exists failed with the following output:
Change Dir: /home/pietro/Documents/Polimi/Quinto anno/tesi/app_poli/opencv-master/build/CMakeFiles/CMakeTmp

Run Build Command(s):/usr/bin/make cmTC_591d1/fast && /usr/bin/make  -f CMakeFiles/cmTC_591d1.dir/build.make CMakeFiles/cmTC_591d1.dir/build
make[1]: Entering directory '/home/pietro/Documents/Polimi/Quinto anno/tesi/app_poli/opencv-master/build/CMakeFiles/CMakeTmp'
Building C object CMakeFiles/cmTC_591d1.dir/CheckFunctionExists.c.o
/usr/bin/cc   -fsigned-char -W -Wall -Werror=return-type -Werror=address -Werror=sequence-point -Wformat -Werror=format-security -Wmissing-declarations -Wmissing-prototypes -Wstrict-prototypes -Wundef -Winit-self -Wpointer-arith -Wshadow -Wuninitialized -Winit-self -Wno-comment -Wimplicit-fallthrough=3 -Wno-strict-overflow -fdiagnostics-show-option -Wno-long-long -pthread -fomit-frame-pointer -ffunction-sections -fdata-sections  -msse -msse2 -msse3 -fvisibility=hidden -DCHECK_FUNCTION_EXISTS=sgemm_ -O3 -DNDEBUG  -DNDEBUG -fPIE   -o CMakeFiles/cmTC_591d1.dir/CheckFunctionExists.c.o   -c /usr/share/cmake-3.17/Modules/CheckFunctionExists.c
Linking C executable cmTC_591d1
/usr/bin/cmake -E cmake_link_script CMakeFiles/cmTC_591d1.dir/link.txt --verbose=1
/usr/bin/cc    -fsigned-char -W -Wall -Werror=return-type -Werror=address -Werror=sequence-point -Wformat -Werror=format-security -Wmissing-declarations -Wmissing-prototypes -Wstrict-prototypes -Wundef -Winit-self -Wpointer-arith -Wshadow -Wuninitialized -Winit-self -Wno-comment -Wimplicit-fallthrough=3 -Wno-strict-overflow -fdiagnostics-show-option -Wno-long-long -pthread -fomit-frame-pointer -ffunction-sections -fdata-sections  -msse -msse2 -msse3 -fvisibility=hidden -DCHECK_FUNCTION_EXISTS=sgemm_ -O3 -DNDEBUG  -DNDEBUG    -Wl,--gc-sections -Wl,--as-needed  CMakeFiles/cmTC_591d1.dir/CheckFunctionExists.c.o  -o cmTC_591d1 
/usr/bin/ld: CMakeFiles/cmTC_591d1.dir/CheckFunctionExists.c.o: in function `main':
CheckFunctionExists.c:(.text.startup.main+0xc): undefined reference to `sgemm_'
collect2: error: ld returned 1 exit status
make[1]: *** [CMakeFiles/cmTC_591d1.dir/build.make:107: cmTC_591d1] Error 1
make[1]: Leaving directory '/home/pietro/Documents/Polimi/Quinto anno/tesi/app_poli/opencv-master/build/CMakeFiles/CMakeTmp'
make: *** [Makefile:141: cmTC_591d1/fast] Error 2



Determining if the function cheev_ exists failed with the following output:
Change Dir: /home/pietro/Documents/Polimi/Quinto anno/tesi/app_poli/opencv-master/build/CMakeFiles/CMakeTmp

Run Build Command(s):/usr/bin/make cmTC_39779/fast && /usr/bin/make  -f CMakeFiles/cmTC_39779.dir/build.make CMakeFiles/cmTC_39779.dir/build
make[1]: Entering directory '/home/pietro/Documents/Polimi/Quinto anno/tesi/app_poli/opencv-master/build/CMakeFiles/CMakeTmp'
Building C object CMakeFiles/cmTC_39779.dir/CheckFunctionExists.c.o
/usr/bin/cc   -fsigned-char -W -Wall -Werror=return-type -Werror=address -Werror=sequence-point -Wformat -Werror=format-security -Wmissing-declarations -Wmissing-prototypes -Wstrict-prototypes -Wundef -Winit-self -Wpointer-arith -Wshadow -Wuninitialized -Winit-self -Wno-comment -Wimplicit-fallthrough=3 -Wno-strict-overflow -fdiagnostics-show-option -Wno-long-long -pthread -fomit-frame-pointer -ffunction-sections -fdata-sections  -msse -msse2 -msse3 -fvisibility=hidden -DCHECK_FUNCTION_EXISTS=cheev_ -O3 -DNDEBUG  -DNDEBUG -fPIE   -o CMakeFiles/cmTC_39779.dir/CheckFunctionExists.c.o   -c /usr/share/cmake-3.17/Modules/CheckFunctionExists.c
Linking C executable cmTC_39779
/usr/bin/cmake -E cmake_link_script CMakeFiles/cmTC_39779.dir/link.txt --verbose=1
/usr/bin/cc    -fsigned-char -W -Wall -Werror=return-type -Werror=address -Werror=sequence-point -Wformat -Werror=format-security -Wmissing-declarations -Wmissing-prototypes -Wstrict-prototypes -Wundef -Winit-self -Wpointer-arith -Wshadow -Wuninitialized -Winit-self -Wno-comment -Wimplicit-fallthrough=3 -Wno-strict-overflow -fdiagnostics-show-option -Wno-long-long -pthread -fomit-frame-pointer -ffunction-sections -fdata-sections  -msse -msse2 -msse3 -fvisibility=hidden -DCHECK_FUNCTION_EXISTS=cheev_ -O3 -DNDEBUG  -DNDEBUG    -Wl,--gc-sections -Wl,--as-needed  CMakeFiles/cmTC_39779.dir/CheckFunctionExists.c.o  -o cmTC_39779  /lib64/libopenblas.so -lm -ldl 
/usr/bin/ld: CMakeFiles/cmTC_39779.dir/CheckFunctionExists.c.o: in function `main':
CheckFunctionExists.c:(.text.startup.main+0xc): undefined reference to `cheev_'
collect2: error: ld returned 1 exit status
make[1]: *** [CMakeFiles/cmTC_39779.dir/build.make:108: cmTC_39779] Error 1
make[1]: Leaving directory '/home/pietro/Documents/Polimi/Quinto anno/tesi/app_poli/opencv-master/build/CMakeFiles/CMakeTmp'
make: *** [Makefile:141: cmTC_39779/fast] Error 2



Determining if the function cheev_ exists failed with the following output:
Change Dir: /home/pietro/Documents/Polimi/Quinto anno/tesi/app_poli/opencv-master/build/CMakeFiles/CMakeTmp

Run Build Command(s):/usr/bin/make cmTC_f370e/fast && /usr/bin/make  -f CMakeFiles/cmTC_f370e.dir/build.make CMakeFiles/cmTC_f370e.dir/build
make[1]: Entering directory '/home/pietro/Documents/Polimi/Quinto anno/tesi/app_poli/opencv-master/build/CMakeFiles/CMakeTmp'
Building C object CMakeFiles/cmTC_f370e.dir/CheckFunctionExists.c.o
/usr/bin/cc   -fsigned-char -W -Wall -Werror=return-type -Werror=address -Werror=sequence-point -Wformat -Werror=format-security -Wmissing-declarations -Wmissing-prototypes -Wstrict-prototypes -Wundef -Winit-self -Wpointer-arith -Wshadow -Wuninitialized -Winit-self -Wno-comment -Wimplicit-fallthrough=3 -Wno-strict-overflow -fdiagnostics-show-option -Wno-long-long -pthread -fomit-frame-pointer -ffunction-sections -fdata-sections  -msse -msse2 -msse3 -fvisibility=hidden -DCHECK_FUNCTION_EXISTS=cheev_ -O3 -DNDEBUG  -DNDEBUG -fPIE   -o CMakeFiles/cmTC_f370e.dir/CheckFunctionExists.c.o   -c /usr/share/cmake-3.17/Modules/CheckFunctionExists.c
Linking C executable cmTC_f370e
/usr/bin/cmake -E cmake_link_script CMakeFiles/cmTC_f370e.dir/link.txt --verbose=1
/usr/bin/cc    -fsigned-char -W -Wall -Werror=return-type -Werror=address -Werror=sequence-point -Wformat -Werror=format-security -Wmissing-declarations -Wmissing-prototypes -Wstrict-prototypes -Wundef -Winit-self -Wpointer-arith -Wshadow -Wuninitialized -Winit-self -Wno-comment -Wimplicit-fallthrough=3 -Wno-strict-overflow -fdiagnostics-show-option -Wno-long-long -pthread -fomit-frame-pointer -ffunction-sections -fdata-sections  -msse -msse2 -msse3 -fvisibility=hidden -DCHECK_FUNCTION_EXISTS=cheev_ -O3 -DNDEBUG  -DNDEBUG    -Wl,--gc-sections -Wl,--as-needed  CMakeFiles/cmTC_f370e.dir/CheckFunctionExists.c.o  -o cmTC_f370e  /lib64/libopenblas.so /lib64/libopenblas.so 
/usr/bin/ld: CMakeFiles/cmTC_f370e.dir/CheckFunctionExists.c.o: in function `main':
CheckFunctionExists.c:(.text.startup.main+0xc): undefined reference to `cheev_'
collect2: error: ld returned 1 exit status
make[1]: *** [CMakeFiles/cmTC_f370e.dir/build.make:109: cmTC_f370e] Error 1
make[1]: Leaving directory '/home/pietro/Documents/Polimi/Quinto anno/tesi/app_poli/opencv-master/build/CMakeFiles/CMakeTmp'
make: *** [Makefile:141: cmTC_f370e/fast] Error 2



Build output check failed:
    Regex: 'command[- ]line option .* is valid for .* but not for C\+\+'
    Output line: 'cc1plus: warning: command-line option ‘-Wno-missing-prototypes’ is valid for C/ObjC but not for C++'
Compilation failed:
    source file: '/home/pietro/Documents/Polimi/Quinto anno/tesi/app_poli/opencv-master/build/CMakeFiles/CMakeTmp/src.cxx'
    check option: ' -Wno-missing-prototypes'
===== BUILD LOG =====
Change Dir: /home/pietro/Documents/Polimi/Quinto anno/tesi/app_poli/opencv-master/build/CMakeFiles/CMakeTmp

Run Build Command(s):/usr/bin/make cmTC_b922e/fast && /usr/bin/make  -f CMakeFiles/cmTC_b922e.dir/build.make CMakeFiles/cmTC_b922e.dir/build
make[1]: Entering directory '/home/pietro/Documents/Polimi/Quinto anno/tesi/app_poli/opencv-master/build/CMakeFiles/CMakeTmp'
Building CXX object CMakeFiles/cmTC_b922e.dir/src.cxx.o
/usr/bin/c++    -fsigned-char -W -Wall -Werror=return-type -Werror=non-virtual-dtor -Werror=address -Werror=sequence-point -Wformat -Werror=format-security -Wmissing-declarations -Wundef -Winit-self -Wpointer-arith -Wshadow -Wsign-promo -Wuninitialized -Winit-self -Wsuggest-override -Wno-delete-non-virtual-dtor -Wno-comment -Wimplicit-fallthrough=3 -Wno-strict-overflow -fdiagnostics-show-option -Wno-long-long -pthread -fomit-frame-pointer -ffunction-sections -fdata-sections  -msse -msse2 -msse3 -fvisibility=hidden -fvisibility-inlines-hidden -Wno-deprecated  -O3 -DNDEBUG  -DNDEBUG -fPIE    -Wno-missing-prototypes -std=c++11 -o CMakeFiles/cmTC_b922e.dir/src.cxx.o -c "/home/pietro/Documents/Polimi/Quinto anno/tesi/app_poli/opencv-master/build/CMakeFiles/CMakeTmp/src.cxx"
cc1plus: warning: command-line option ‘-Wno-missing-prototypes’ is valid for C/ObjC but not for C++
/home/pietro/Documents/Polimi/Quinto anno/tesi/app_poli/opencv-master/build/CMakeFiles/CMakeTmp/src.cxx:1: warning: ignoring ‘#pragma  ’ [-Wunknown-pragmas]
    1 | #pragma
      | 
Linking CXX executable cmTC_b922e
/usr/bin/cmake -E cmake_link_script CMakeFiles/cmTC_b922e.dir/link.txt --verbose=1
/usr/bin/c++     -fsigned-char -W -Wall -Werror=return-type -Werror=non-virtual-dtor -Werror=address -Werror=sequence-point -Wformat -Werror=format-security -Wmissing-declarations -Wundef -Winit-self -Wpointer-arith -Wshadow -Wsign-promo -Wuninitialized -Winit-self -Wsuggest-override -Wno-delete-non-virtual-dtor -Wno-comment -Wimplicit-fallthrough=3 -Wno-strict-overflow -fdiagnostics-show-option -Wno-long-long -pthread -fomit-frame-pointer -ffunction-sections -fdata-sections  -msse -msse2 -msse3 -fvisibility=hidden -fvisibility-inlines-hidden -Wno-deprecated  -O3 -DNDEBUG  -DNDEBUG    -Wl,--gc-sections -Wl,--as-needed  CMakeFiles/cmTC_b922e.dir/src.cxx.o  -o cmTC_b922e 
make[1]: Leaving directory '/home/pietro/Documents/Polimi/Quinto anno/tesi/app_poli/opencv-master/build/CMakeFiles/CMakeTmp'


===== END =====

Build output check failed:
    Regex: 'unrecognized .*option'
    Output line: 'cc1plus: note: unrecognized command-line option ‘-Wno-tautological-undefined-compare’ may have been intended to silence earlier diagnostics'
Compilation failed:
    source file: '/home/pietro/Documents/Polimi/Quinto anno/tesi/app_poli/opencv-master/build/CMakeFiles/CMakeTmp/src.cxx'
    check option: ' -Wno-tautological-undefined-compare'
===== BUILD LOG =====
Change Dir: /home/pietro/Documents/Polimi/Quinto anno/tesi/app_poli/opencv-master/build/CMakeFiles/CMakeTmp

Run Build Command(s):/usr/bin/make cmTC_8d878/fast && /usr/bin/make  -f CMakeFiles/cmTC_8d878.dir/build.make CMakeFiles/cmTC_8d878.dir/build
make[1]: Entering directory '/home/pietro/Documents/Polimi/Quinto anno/tesi/app_poli/opencv-master/build/CMakeFiles/CMakeTmp'
Building CXX object CMakeFiles/cmTC_8d878.dir/src.cxx.o
/usr/bin/c++    -fsigned-char -W -Wall -Werror=return-type -Werror=non-virtual-dtor -Werror=address -Werror=sequence-point -Wformat -Werror=format-security -Winit-self -Wpointer-arith -Wuninitialized -Winit-self -Wsuggest-override -Wno-delete-non-virtual-dtor -Wno-comment -Wimplicit-fallthrough=3 -Wno-strict-overflow -fdiagnostics-show-option -Wno-long-long -pthread -fomit-frame-pointer -ffunction-sections -fdata-sections  -msse -msse2 -msse3 -fvisibility=hidden -fvisibility-inlines-hidden -Wno-deprecated -Wno-missing-declarations -Wno-shadow -Wno-unused-parameter -Wno-unused-local-typedefs -Wno-sign-compare -Wno-sign-promo -Wno-undef  -O3 -DNDEBUG  -DNDEBUG -fPIE    -Wno-tautological-undefined-compare -std=c++11 -o CMakeFiles/cmTC_8d878.dir/src.cxx.o -c "/home/pietro/Documents/Polimi/Quinto anno/tesi/app_poli/opencv-master/build/CMakeFiles/CMakeTmp/src.cxx"
/home/pietro/Documents/Polimi/Quinto anno/tesi/app_poli/opencv-master/build/CMakeFiles/CMakeTmp/src.cxx:1: warning: ignoring ‘#pragma  ’ [-Wunknown-pragmas]
    1 | #pragma
      | 
cc1plus: note: unrecognized command-line option ‘-Wno-tautological-undefined-compare’ may have been intended to silence earlier diagnostics
Linking CXX executable cmTC_8d878
/usr/bin/cmake -E cmake_link_script CMakeFiles/cmTC_8d878.dir/link.txt --verbose=1
/usr/bin/c++     -fsigned-char -W -Wall -Werror=return-type -Werror=non-virtual-dtor -Werror=address -Werror=sequence-point -Wformat -Werror=format-security -Winit-self -Wpointer-arith -Wuninitialized -Winit-self -Wsuggest-override -Wno-delete-non-virtual-dtor -Wno-comment -Wimplicit-fallthrough=3 -Wno-strict-overflow -fdiagnostics-show-option -Wno-long-long -pthread -fomit-frame-pointer -ffunction-sections -fdata-sections  -msse -msse2 -msse3 -fvisibility=hidden -fvisibility-inlines-hidden -Wno-deprecated -Wno-missing-declarations -Wno-shadow -Wno-unused-parameter -Wno-unused-local-typedefs -Wno-sign-compare -Wno-sign-promo -Wno-undef  -O3 -DNDEBUG  -DNDEBUG    -Wl,--gc-sections -Wl,--as-needed  CMakeFiles/cmTC_8d878.dir/src.cxx.o  -o cmTC_8d878 
make[1]: Leaving directory '/home/pietro/Documents/Polimi/Quinto anno/tesi/app_poli/opencv-master/build/CMakeFiles/CMakeTmp'


===== END =====

Build output check failed:
    Regex: 'unrecognized .*option'
    Output line: 'cc1plus: note: unrecognized command-line option ‘-Wno-shorten-64-to-32’ may have been intended to silence earlier diagnostics'
Compilation failed:
    source file: '/home/pietro/Documents/Polimi/Quinto anno/tesi/app_poli/opencv-master/build/CMakeFiles/CMakeTmp/src.cxx'
    check option: ' -Wno-shorten-64-to-32'
===== BUILD LOG =====
Change Dir: /home/pietro/Documents/Polimi/Quinto anno/tesi/app_poli/opencv-master/build/CMakeFiles/CMakeTmp

Run Build Command(s):/usr/bin/make cmTC_f7e53/fast && /usr/bin/make  -f CMakeFiles/cmTC_f7e53.dir/build.make CMakeFiles/cmTC_f7e53.dir/build
make[1]: Entering directory '/home/pietro/Documents/Polimi/Quinto anno/tesi/app_poli/opencv-master/build/CMakeFiles/CMakeTmp'
Building CXX object CMakeFiles/cmTC_f7e53.dir/src.cxx.o
/usr/bin/c++    -fsigned-char -W -Wall -Werror=return-type -Werror=non-virtual-dtor -Werror=address -Werror=sequence-point -Wformat -Werror=format-security -Winit-self -Wpointer-arith -Wuninitialized -Winit-self -Wsuggest-override -Wno-delete-non-virtual-dtor -Wno-comment -Wimplicit-fallthrough=3 -Wno-strict-overflow -fdiagnostics-show-option -Wno-long-long -pthread -fomit-frame-pointer -ffunction-sections -fdata-sections  -msse -msse2 -msse3 -fvisibility=hidden -fvisibility-inlines-hidden -Wno-deprecated -Wno-missing-declarations -Wno-shadow -Wno-unused-parameter -Wno-unused-local-typedefs -Wno-sign-compare -Wno-sign-promo -Wno-undef -Wno-ignored-qualifiers -Wno-extra -Wno-unused-function -Wno-unused-const-variable  -O3 -DNDEBUG  -DNDEBUG -fPIE    -Wno-shorten-64-to-32 -std=c++11 -o CMakeFiles/cmTC_f7e53.dir/src.cxx.o -c "/home/pietro/Documents/Polimi/Quinto anno/tesi/app_poli/opencv-master/build/CMakeFiles/CMakeTmp/src.cxx"
/home/pietro/Documents/Polimi/Quinto anno/tesi/app_poli/opencv-master/build/CMakeFiles/CMakeTmp/src.cxx:1: warning: ignoring ‘#pragma  ’ [-Wunknown-pragmas]
    1 | #pragma
      | 
cc1plus: note: unrecognized command-line option ‘-Wno-shorten-64-to-32’ may have been intended to silence earlier diagnostics
Linking CXX executable cmTC_f7e53
/usr/bin/cmake -E cmake_link_script CMakeFiles/cmTC_f7e53.dir/link.txt --verbose=1
/usr/bin/c++     -fsigned-char -W -Wall -Werror=return-type -Werror=non-virtual-dtor -Werror=address -Werror=sequence-point -Wformat -Werror=format-security -Winit-self -Wpointer-arith -Wuninitialized -Winit-self -Wsuggest-override -Wno-delete-non-virtual-dtor -Wno-comment -Wimplicit-fallthrough=3 -Wno-strict-overflow -fdiagnostics-show-option -Wno-long-long -pthread -fomit-frame-pointer -ffunction-sections -fdata-sections  -msse -msse2 -msse3 -fvisibility=hidden -fvisibility-inlines-hidden -Wno-deprecated -Wno-missing-declarations -Wno-shadow -Wno-unused-parameter -Wno-unused-local-typedefs -Wno-sign-compare -Wno-sign-promo -Wno-undef -Wno-ignored-qualifiers -Wno-extra -Wno-unused-function -Wno-unused-const-variable  -O3 -DNDEBUG  -DNDEBUG    -Wl,--gc-sections -Wl,--as-needed  CMakeFiles/cmTC_f7e53.dir/src.cxx.o  -o cmTC_f7e53 
make[1]: Leaving directory '/home/pietro/Documents/Polimi/Quinto anno/tesi/app_poli/opencv-master/build/CMakeFiles/CMakeTmp'


===== END =====

Build output check failed:
    Regex: 'unrecognized .*option'
    Output line: 'cc1plus: note: unrecognized command-line option ‘-Wno-enum-compare-switch’ may have been intended to silence earlier diagnostics'
Compilation failed:
    source file: '/home/pietro/Documents/Polimi/Quinto anno/tesi/app_poli/opencv-master/build/CMakeFiles/CMakeTmp/src.cxx'
    check option: ' -Wno-enum-compare-switch'
===== BUILD LOG =====
Change Dir: /home/pietro/Documents/Polimi/Quinto anno/tesi/app_poli/opencv-master/build/CMakeFiles/CMakeTmp

Run Build Command(s):/usr/bin/make cmTC_53277/fast && /usr/bin/make  -f CMakeFiles/cmTC_53277.dir/build.make CMakeFiles/cmTC_53277.dir/build
make[1]: Entering directory '/home/pietro/Documents/Polimi/Quinto anno/tesi/app_poli/opencv-master/build/CMakeFiles/CMakeTmp'
Building CXX object CMakeFiles/cmTC_53277.dir/src.cxx.o
/usr/bin/c++    -fsigned-char -W -Wall -Werror=return-type -Werror=non-virtual-dtor -Werror=address -Werror=sequence-point -Wformat -Werror=format-security -Winit-self -Wpointer-arith -Wuninitialized -Winit-self -Wsuggest-override -Wno-delete-non-virtual-dtor -Wno-comment -Wimplicit-fallthrough=3 -Wno-strict-overflow -fdiagnostics-show-option -Wno-long-long -pthread -fomit-frame-pointer -ffunction-sections -fdata-sections  -msse -msse2 -msse3 -fvisibility=hidden -fvisibility-inlines-hidden -Wno-deprecated -Wno-missing-declarations -Wno-shadow -Wno-unused-parameter -Wno-unused-local-typedefs -Wno-sign-compare -Wno-sign-promo -Wno-undef -Wno-ignored-qualifiers -Wno-extra -Wno-unused-function -Wno-unused-const-variable -Wno-invalid-offsetof  -O3 -DNDEBUG  -DNDEBUG -fPIE    -Wno-enum-compare-switch -std=c++11 -o CMakeFiles/cmTC_53277.dir/src.cxx.o -c "/home/pietro/Documents/Polimi/Quinto anno/tesi/app_poli/opencv-master/build/CMakeFiles/CMakeTmp/src.cxx"
/home/pietro/Documents/Polimi/Quinto anno/tesi/app_poli/opencv-master/build/CMakeFiles/CMakeTmp/src.cxx:1: warning: ignoring ‘#pragma  ’ [-Wunknown-pragmas]
    1 | #pragma
      | 
cc1plus: note: unrecognized command-line option ‘-Wno-enum-compare-switch’ may have been intended to silence earlier diagnostics
Linking CXX executable cmTC_53277
/usr/bin/cmake -E cmake_link_script CMakeFiles/cmTC_53277.dir/link.txt --verbose=1
/usr/bin/c++     -fsigned-char -W -Wall -Werror=return-type -Werror=non-virtual-dtor -Werror=address -Werror=sequence-point -Wformat -Werror=format-security -Winit-self -Wpointer-arith -Wuninitialized -Winit-self -Wsuggest-override -Wno-delete-non-virtual-dtor -Wno-comment -Wimplicit-fallthrough=3 -Wno-strict-overflow -fdiagnostics-show-option -Wno-long-long -pthread -fomit-frame-pointer -ffunction-sections -fdata-sections  -msse -msse2 -msse3 -fvisibility=hidden -fvisibility-inlines-hidden -Wno-deprecated -Wno-missing-declarations -Wno-shadow -Wno-unused-parameter -Wno-unused-local-typedefs -Wno-sign-compare -Wno-sign-promo -Wno-undef -Wno-ignored-qualifiers -Wno-extra -Wno-unused-function -Wno-unused-const-variable -Wno-invalid-offsetof  -O3 -DNDEBUG  -DNDEBUG    -Wl,--gc-sections -Wl,--as-needed  CMakeFiles/cmTC_53277.dir/src.cxx.o  -o cmTC_53277 
make[1]: Leaving directory '/home/pietro/Documents/Polimi/Quinto anno/tesi/app_poli/opencv-master/build/CMakeFiles/CMakeTmp'


===== END =====

Build output check failed:
    Regex: 'unrecognized .*option'
    Output line: 'cc1plus: note: unrecognized command-line option ‘-Wno-inconsistent-missing-override’ may have been intended to silence earlier diagnostics'
Compilation failed:
    source file: '/home/pietro/Documents/Polimi/Quinto anno/tesi/app_poli/opencv-master/build/CMakeFiles/CMakeTmp/src.cxx'
    check option: ' -Wno-inconsistent-missing-override'
===== BUILD LOG =====
Change Dir: /home/pietro/Documents/Polimi/Quinto anno/tesi/app_poli/opencv-master/build/CMakeFiles/CMakeTmp

Run Build Command(s):/usr/bin/make cmTC_83627/fast && /usr/bin/make  -f CMakeFiles/cmTC_83627.dir/build.make CMakeFiles/cmTC_83627.dir/build
make[1]: Entering directory '/home/pietro/Documents/Polimi/Quinto anno/tesi/app_poli/opencv-master/build/CMakeFiles/CMakeTmp'
Building CXX object CMakeFiles/cmTC_83627.dir/src.cxx.o
/usr/bin/c++    -fsigned-char -W -Wall -Werror=return-type -Werror=non-virtual-dtor -Werror=address -Werror=sequence-point -Wformat -Werror=format-security -Winit-self -Wpointer-arith -Wuninitialized -Winit-self -Wno-delete-non-virtual-dtor -Wno-comment -Wimplicit-fallthrough=3 -Wno-strict-overflow -fdiagnostics-show-option -Wno-long-long -pthread -fomit-frame-pointer -ffunction-sections -fdata-sections  -msse -msse2 -msse3 -fvisibility=hidden -fvisibility-inlines-hidden -Wno-deprecated -Wno-missing-declarations -Wno-shadow -Wno-unused-parameter -Wno-unused-local-typedefs -Wno-sign-compare -Wno-sign-promo -Wno-undef -Wno-ignored-qualifiers -Wno-extra -Wno-unused-function -Wno-unused-const-variable -Wno-invalid-offsetof -Wno-suggest-override  -O3 -DNDEBUG  -DNDEBUG -fPIE    -Wno-inconsistent-missing-override -std=c++11 -o CMakeFiles/cmTC_83627.dir/src.cxx.o -c "/home/pietro/Documents/Polimi/Quinto anno/tesi/app_poli/opencv-master/build/CMakeFiles/CMakeTmp/src.cxx"
/home/pietro/Documents/Polimi/Quinto anno/tesi/app_poli/opencv-master/build/CMakeFiles/CMakeTmp/src.cxx:1: warning: ignoring ‘#pragma  ’ [-Wunknown-pragmas]
    1 | #pragma
      | 
cc1plus: note: unrecognized command-line option ‘-Wno-inconsistent-missing-override’ may have been intended to silence earlier diagnostics
Linking CXX executable cmTC_83627
/usr/bin/cmake -E cmake_link_script CMakeFiles/cmTC_83627.dir/link.txt --verbose=1
/usr/bin/c++     -fsigned-char -W -Wall -Werror=return-type -Werror=non-virtual-dtor -Werror=address -Werror=sequence-point -Wformat -Werror=format-security -Winit-self -Wpointer-arith -Wuninitialized -Winit-self -Wno-delete-non-virtual-dtor -Wno-comment -Wimplicit-fallthrough=3 -Wno-strict-overflow -fdiagnostics-show-option -Wno-long-long -pthread -fomit-frame-pointer -ffunction-sections -fdata-sections  -msse -msse2 -msse3 -fvisibility=hidden -fvisibility-inlines-hidden -Wno-deprecated -Wno-missing-declarations -Wno-shadow -Wno-unused-parameter -Wno-unused-local-typedefs -Wno-sign-compare -Wno-sign-promo -Wno-undef -Wno-ignored-qualifiers -Wno-extra -Wno-unused-function -Wno-unused-const-variable -Wno-invalid-offsetof -Wno-suggest-override  -O3 -DNDEBUG  -DNDEBUG    -Wl,--gc-sections -Wl,--as-needed  CMakeFiles/cmTC_83627.dir/src.cxx.o  -o cmTC_83627 
make[1]: Leaving directory '/home/pietro/Documents/Polimi/Quinto anno/tesi/app_poli/opencv-master/build/CMakeFiles/CMakeTmp'


===== END =====

Determining if the include file sys/videoio.h exists failed with the following output:
Change Dir: /home/pietro/Documents/Polimi/Quinto anno/tesi/app_poli/opencv-master/build/CMakeFiles/CMakeTmp

Run Build Command(s):/usr/bin/make cmTC_f735f/fast && /usr/bin/make  -f CMakeFiles/cmTC_f735f.dir/build.make CMakeFiles/cmTC_f735f.dir/build
make[1]: Entering directory '/home/pietro/Documents/Polimi/Quinto anno/tesi/app_poli/opencv-master/build/CMakeFiles/CMakeTmp'
Building C object CMakeFiles/cmTC_f735f.dir/CheckIncludeFile.c.o
/usr/bin/cc   -fsigned-char -W -Wall -Werror=return-type -Werror=address -Werror=sequence-point -Wformat -Werror=format-security -Wmissing-declarations -Wmissing-prototypes -Wstrict-prototypes -Wundef -Winit-self -Wpointer-arith -Wshadow -Wuninitialized -Winit-self -Wno-comment -Wimplicit-fallthrough=3 -Wno-strict-overflow -fdiagnostics-show-option -Wno-long-long -pthread -fomit-frame-pointer -ffunction-sections -fdata-sections  -msse -msse2 -msse3 -fvisibility=hidden  -O3 -DNDEBUG  -DNDEBUG -fPIE   -o CMakeFiles/cmTC_f735f.dir/CheckIncludeFile.c.o   -c "/home/pietro/Documents/Polimi/Quinto anno/tesi/app_poli/opencv-master/build/CMakeFiles/CMakeTmp/CheckIncludeFile.c"
/home/pietro/Documents/Polimi/Quinto anno/tesi/app_poli/opencv-master/build/CMakeFiles/CMakeTmp/CheckIncludeFile.c:1:10: fatal error: sys/videoio.h: No such file or directory
    1 | #include <sys/videoio.h>
      |          ^~~~~~~~~~~~~~~
compilation terminated.
make[1]: *** [CMakeFiles/cmTC_f735f.dir/build.make:86: CMakeFiles/cmTC_f735f.dir/CheckIncludeFile.c.o] Error 1
make[1]: Leaving directory '/home/pietro/Documents/Polimi/Quinto anno/tesi/app_poli/opencv-master/build/CMakeFiles/CMakeTmp'
make: *** [Makefile:141: cmTC_f735f/fast] Error 2



Build output check failed:
    Regex: 'unrecognized .*option'
    Output line: 'cc1plus: note: unrecognized command-line option ‘-Wno-unused-private-field’ may have been intended to silence earlier diagnostics'
Compilation failed:
    source file: '/home/pietro/Documents/Polimi/Quinto anno/tesi/app_poli/opencv-master/build/CMakeFiles/CMakeTmp/src.cxx'
    check option: ' -Wno-unused-private-field'
===== BUILD LOG =====
Change Dir: /home/pietro/Documents/Polimi/Quinto anno/tesi/app_poli/opencv-master/build/CMakeFiles/CMakeTmp

Run Build Command(s):/usr/bin/make cmTC_0dc51/fast && /usr/bin/make  -f CMakeFiles/cmTC_0dc51.dir/build.make CMakeFiles/cmTC_0dc51.dir/build
make[1]: Entering directory '/home/pietro/Documents/Polimi/Quinto anno/tesi/app_poli/opencv-master/build/CMakeFiles/CMakeTmp'
Building CXX object CMakeFiles/cmTC_0dc51.dir/src.cxx.o
/usr/bin/c++    -fsigned-char -W -Wall -Werror=return-type -Werror=non-virtual-dtor -Werror=address -Werror=sequence-point -Wformat -Werror=format-security -Wmissing-declarations -Wundef -Winit-self -Wpointer-arith -Wshadow -Wsign-promo -Wuninitialized -Winit-self -Wsuggest-override -Wno-delete-non-virtual-dtor -Wno-comment -Wimplicit-fallthrough=3 -Wno-strict-overflow -fdiagnostics-show-option -Wno-long-long -pthread -fomit-frame-pointer -ffunction-sections -fdata-sections  -msse -msse2 -msse3 -fvisibility=hidden -fvisibility-inlines-hidden -Wno-unused-function -Wno-deprecated-declarations -Wno-overloaded-virtual  -O3 -DNDEBUG  -DNDEBUG -fPIE    -Wno-unused-private-field -std=c++11 -o CMakeFiles/cmTC_0dc51.dir/src.cxx.o -c "/home/pietro/Documents/Polimi/Quinto anno/tesi/app_poli/opencv-master/build/CMakeFiles/CMakeTmp/src.cxx"
/home/pietro/Documents/Polimi/Quinto anno/tesi/app_poli/opencv-master/build/CMakeFiles/CMakeTmp/src.cxx:1: warning: ignoring ‘#pragma  ’ [-Wunknown-pragmas]
    1 | #pragma
      | 
cc1plus: note: unrecognized command-line option ‘-Wno-unused-private-field’ may have been intended to silence earlier diagnostics
Linking CXX executable cmTC_0dc51
/usr/bin/cmake -E cmake_link_script CMakeFiles/cmTC_0dc51.dir/link.txt --verbose=1
/usr/bin/c++     -fsigned-char -W -Wall -Werror=return-type -Werror=non-virtual-dtor -Werror=address -Werror=sequence-point -Wformat -Werror=format-security -Wmissing-declarations -Wundef -Winit-self -Wpointer-arith -Wshadow -Wsign-promo -Wuninitialized -Winit-self -Wsuggest-override -Wno-delete-non-virtual-dtor -Wno-comment -Wimplicit-fallthrough=3 -Wno-strict-overflow -fdiagnostics-show-option -Wno-long-long -pthread -fomit-frame-pointer -ffunction-sections -fdata-sections  -msse -msse2 -msse3 -fvisibility=hidden -fvisibility-inlines-hidden -Wno-unused-function -Wno-deprecated-declarations -Wno-overloaded-virtual  -O3 -DNDEBUG  -DNDEBUG    -Wl,--gc-sections -Wl,--as-needed  CMakeFiles/cmTC_0dc51.dir/src.cxx.o  -o cmTC_0dc51 
make[1]: Leaving directory '/home/pietro/Documents/Polimi/Quinto anno/tesi/app_poli/opencv-master/build/CMakeFiles/CMakeTmp'


===== END =====

